Added Component: Designator=C1(0603)
Added Component: Designator=C2(0603)
Added Component: Designator=Q1(DIP8)
Added Component: Designator=R1(0603)
Added Component: Designator=R2(0603)
Added Component: Designator=R3(0603)
Added Pin To Net: NetName=GND Pin=C1-1
Added Pin To Net: NetName=GND Pin=C2-1
Added Pin To Net: NetName=GND Pin=Q1-1
Added Net: Name=GND
Added Pin To Net: NetName=NetC1_2 Pin=C1-2
Added Pin To Net: NetName=NetC1_2 Pin=Q1-5
Added Net: Name=NetC1_2
Added Pin To Net: NetName=NetQ1_3 Pin=Q1-3
Added Pin To Net: NetName=NetQ1_3 Pin=R3-2
Added Net: Name=NetQ1_3
Added Pin To Net: NetName=NetQ1_7 Pin=Q1-7
Added Pin To Net: NetName=NetQ1_7 Pin=R1-1
Added Pin To Net: NetName=NetQ1_7 Pin=R2-2
Added Net: Name=NetQ1_7
Added Pin To Net: NetName=PWM Pin=R3-1
Added Net: Name=PWM
Added Pin To Net: NetName=TRIG Pin=C2-2
Added Pin To Net: NetName=TRIG Pin=Q1-2
Added Pin To Net: NetName=TRIG Pin=Q1-6
Added Pin To Net: NetName=TRIG Pin=R2-1
Added Net: Name=TRIG
Added Pin To Net: NetName=VCC Pin=Q1-4
Added Pin To Net: NetName=VCC Pin=Q1-8
Added Pin To Net: NetName=VCC Pin=R1-2
Added Net: Name=VCC
Added Class: Name=Sheet1
Added Room: Name=Sheet1
